[debug] [2019-02-06T12:29:31.269Z] ----------------------------------------------------------------------
[debug] [2019-02-06T12:29:31.273Z] Command:       C:\Program Files\nodejs\node.exe C:\Users\Роман\AppData\Roaming\npm\node_modules\firebase-tools\lib\bin\firebase.js deploy
[debug] [2019-02-06T12:29:31.273Z] CLI Version:   6.3.1
[debug] [2019-02-06T12:29:31.274Z] Platform:      win32
[debug] [2019-02-06T12:29:31.274Z] Node Version:  v10.15.0
[debug] [2019-02-06T12:29:31.275Z] Time:          Wed Feb 06 2019 14:29:31 GMT+0200 (GMT+02:00)
[debug] [2019-02-06T12:29:31.275Z] ----------------------------------------------------------------------
[debug] 
[debug] [2019-02-06T12:29:31.292Z] > command requires scopes: ["email","openid","https://www.googleapis.com/auth/cloudplatformprojects.readonly","https://www.googleapis.com/auth/firebase","https://www.googleapis.com/auth/cloud-platform"]
[debug] [2019-02-06T12:29:31.293Z] > authorizing via signed-in user
[debug] [2019-02-06T12:29:31.293Z] [iam] checking project abzagency for permissions ["cloudfunctions.functions.create","cloudfunctions.functions.delete","cloudfunctions.functions.get","cloudfunctions.functions.list","cloudfunctions.functions.update","cloudfunctions.operations.get","firebase.projects.get","firebasehosting.sites.update"]
[debug] [2019-02-06T12:29:31.296Z] >>> HTTP REQUEST POST https://cloudresourcemanager.googleapis.com/v1/projects/abzagency:testIamPermissions  

[debug] [2019-02-06T12:29:32.355Z] <<< HTTP RESPONSE 200
[debug] [2019-02-06T12:29:32.364Z] >>> HTTP REQUEST GET https://firebase.googleapis.com/v1beta1/projects/abzagency  
 
[debug] [2019-02-06T12:29:32.683Z] <<< HTTP RESPONSE 200
[info] 
[info] === Deploying to 'abzagency'...
[info] 
[info] i  deploying functions, hosting
[debug] [2019-02-06T12:29:36.408Z] > [functions] package.json contents: {
  "name": "functions",
  "description": "Cloud Functions for Firebase",
  "scripts": {
    "serve": "firebase serve --only functions",
    "shell": "firebase functions:shell",
    "start": "npm run shell",
    "deploy": "firebase deploy --only functions",
    "logs": "firebase functions:log"
  },
  "dependencies": {
    "firebase-admin": "~6.0.0",
    "firebase-functions": "^2.1.0"
  },
  "private": true
}
[info] i  functions: ensuring necessary APIs are enabled...
[debug] [2019-02-06T12:29:36.410Z] >>> HTTP REQUEST GET https://servicemanagement.googleapis.com/v1/services/cloudfunctions.googleapis.com/projectSettings/abzagency?view=CONSUMER_VIEW  
 
[debug] [2019-02-06T12:29:36.411Z] >>> HTTP REQUEST GET https://servicemanagement.googleapis.com/v1/services/runtimeconfig.googleapis.com/projectSettings/abzagency?view=CONSUMER_VIEW  
 
[debug] [2019-02-06T12:29:37.948Z] <<< HTTP RESPONSE 200
[debug] [2019-02-06T12:29:38.062Z] <<< HTTP RESPONSE 200
[info] +  functions: all necessary APIs are enabled
[debug] [2019-02-06T12:29:38.066Z] >>> HTTP REQUEST GET https://cloudresourcemanager.googleapis.com/v1/projects/abzagency  
 
[debug] [2019-02-06T12:29:39.110Z] <<< HTTP RESPONSE 200
[debug] [2019-02-06T12:29:39.111Z] >>> HTTP REQUEST GET https://mobilesdk-pa.googleapis.com/v1/projects/368817857964:getServerAppConfig  
 
[debug] [2019-02-06T12:29:39.711Z] <<< HTTP RESPONSE 200
[debug] [2019-02-06T12:29:39.717Z] >>> HTTP REQUEST POST https://firebasehosting.googleapis.com/v1beta1/sites/abzagency/versions  

[debug] [2019-02-06T12:29:40.853Z] <<< HTTP RESPONSE 500
[debug] [2019-02-06T12:29:40.853Z] <<< HTTP RESPONSE BODY
[error] 
[error] Error: HTTP Error: 500, Internal error encountered.
[debug] [2019-02-06T12:29:41.072Z] Error Context: {
  "body": {
    "error": {
      "code": 500,
      "message": "Internal error encountered.",
      "status": "INTERNAL"
    }
  },
  "response": {
    "statusCode": 500,
    "body": {
      "error": {
        "code": 500,
        "message": "Internal error encountered.",
        "status": "INTERNAL"
      }
    },
    "headers": {
      "vary": "X-Origin, Referer, Origin,Accept-Encoding",
      "content-type": "application/json; charset=UTF-8",
      "date": "Wed, 06 Feb 2019 12:29:40 GMT",
      "server": "ESF",
      "cache-control": "private",
      "x-xss-protection": "1; mode=block",
      "x-frame-options": "SAMEORIGIN",
      "x-content-type-options": "nosniff",
      "alt-svc": "quic=\":443\"; ma=2592000; v=\"44,43,39\"",
      "accept-ranges": "none",
      "transfer-encoding": "chunked"
    },
    "request": {
      "uri": {
        "protocol": "https:",
        "slashes": true,
        "auth": null,
        "host": "firebasehosting.googleapis.com",
        "port": 443,
        "hostname": "firebasehosting.googleapis.com",
        "hash": null,
        "search": null,
        "query": null,
        "pathname": "/v1beta1/sites/abzagency/versions",
        "path": "/v1beta1/sites/abzagency/versions",
        "href": "https://firebasehosting.googleapis.com/v1beta1/sites/abzagency/versions"
      },
      "method": "POST"
    }
  }
}
